<?xml version="1.0" encoding="UTF-8"?>
<!-- Generated by org.testng.reporters.JUnitReportReporter -->
<testsuite hostname="IT3784-Priyanka" name="Academy.E2EProject.HomePage" tests="2" failures="0" timestamp="7 Aug 2020 11:22:29 GMT" time="20.118" errors="0">
  <testcase name="homepageNavigation" time="16.735" classname="Academy.E2EProject.HomePage"/>
  <testcase name="homepageNavigation" time="3.383" classname="Academy.E2EProject.HomePage"/>
</testsuite> <!-- Academy.E2EProject.HomePage -->
