<?xml version="1.0" encoding="UTF-8"?>
<!-- Generated by org.testng.reporters.JUnitReportReporter -->
<testsuite hostname="IT3784-Priyanka" name="Academy.E2EProject.HomePage" tests="2" failures="0" timestamp="7 Aug 2020 09:47:23 GMT" time="35.683" errors="0">
  <testcase name="homepageNavigation" time="31.064" classname="Academy.E2EProject.HomePage"/>
  <testcase name="homepageNavigation" time="4.619" classname="Academy.E2EProject.HomePage"/>
</testsuite> <!-- Academy.E2EProject.HomePage -->
