<?xml version="1.0" encoding="UTF-8"?>
<!-- Generated by org.testng.reporters.JUnitReportReporter -->
<testsuite hostname="IT3784-Priyanka" name="Academy.E2EProject.asserition" tests="1" failures="0" timestamp="7 Aug 2020 09:47:23 GMT" time="0.078" errors="0">
  <testcase name="homepageNavigation" time="0.078" classname="Academy.E2EProject.asserition"/>
</testsuite> <!-- Academy.E2EProject.asserition -->
